<?xml version="1.0" encoding="UTF-8"?>
<!-- Generated by org.testng.reporters.JUnitReportReporter -->
<testsuite hostname="DESKTOP-LCQC60A" failures="0" tests="1" name="com_EducationalDomain_SkillRray_Testscripts.TakeThisCourse" time="0.000" errors="0" timestamp="2022-05-04T15:31:43 IST" skipped="1">
  <testcase classname="com_EducationalDomain_SkillRray_Testscripts.TakeThisCourse" name="tc2" time="0.000">
    <skipped/>
  </testcase> <!-- tc2 -->
</testsuite> <!-- com_EducationalDomain_SkillRray_Testscripts.TakeThisCourse -->
